# JRE version: OpenJDK Runtime Environment (8.0_152-b01) (build 1.8.0_152-release-1248-b01)
# Java VM: OpenJDK 64-Bit Server VM (25.152-b01 mixed mode windows-amd64 compressed oops)
Heap:
 PSYoungGen      total 333312K, used 146723K [0x00000000e0000000, 0x00000000fb000000, 0x0000000100000000)
  eden space 313344K, 45% used [0x00000000e0000000,0x00000000e8c82bd8,0x00000000f3200000)
  from space 19968K, 14% used [0x00000000f3200000,0x00000000f34c63a8,0x00000000f4580000)
  to   space 20480K, 0% used [0x00000000f9c00000,0x00000000f9c00000,0x00000000fb000000)
 ParOldGen       total 129024K, used 54570K [0x00000000a0000000, 0x00000000a7e00000, 0x00000000e0000000)
  object space 129024K, 42% used [0x00000000a0000000,0x00000000a354a960,0x00000000a7e00000)
 Metaspace       used 92533K, capacity 97002K, committed 97304K, reserved 1134592K
  class space    used 11800K, capacity 12778K, committed 12840K, reserved 1048576K
GC Heap History (10 events):
Event: 2419.383 GC heap before
{Heap before GC invocations=20 (full 3):
 PSYoungGen      total 224768K, used 217897K [0x00000000e0000000, 0x00000000f0280000, 0x0000000100000000)
  eden space 205824K, 99% used [0x00000000e0000000,0x00000000ec8e0088,0x00000000ec900000)
  from space 18944K, 64% used [0x00000000edd80000,0x00000000ee96a650,0x00000000ef000000)
  to   space 20992K, 0% used [0x00000000ec900000,0x00000000ec900000,0x00000000edd80000)
 ParOldGen       total 129024K, used 40701K [0x00000000a0000000, 0x00000000a7e00000, 0x00000000e0000000)
  object space 129024K, 31% used [0x00000000a0000000,0x00000000a27bf740,0x00000000a7e00000)
 Metaspace       used 80704K, capacity 83852K, committed 83992K, reserved 1122304K
  class space    used 10386K, capacity 11191K, committed 11304K, reserved 1048576K
Event: 2419.473 GC heap after
Heap after GC invocations=20 (full 3):
 PSYoungGen      total 226816K, used 10810K [0x00000000e0000000, 0x00000000f2300000, 0x0000000100000000)
  eden space 205824K, 0% used [0x00000000e0000000,0x00000000e0000000,0x00000000ec900000)
  from space 20992K, 51% used [0x00000000ec900000,0x00000000ed38ea60,0x00000000edd80000)
  to   space 19968K, 0% used [0x00000000f0f80000,0x00000000f0f80000,0x00000000f2300000)
 ParOldGen       total 129024K, used 41233K [0x00000000a0000000, 0x00000000a7e00000, 0x00000000e0000000)
  object space 129024K, 31% used [0x00000000a0000000,0x00000000a2844770,0x00000000a7e00000)
 Metaspace       used 80704K, capacity 83852K, committed 83992K, reserved 1122304K
  class space    used 10386K, capacity 11191K, committed 11304K, reserved 1048576K
}
Event: 2424.860 GC heap before
{Heap before GC invocations=21 (full 3):
 PSYoungGen      total 226816K, used 216634K [0x00000000e0000000, 0x00000000f2300000, 0x0000000100000000)
  eden space 205824K, 100% used [0x00000000e0000000,0x00000000ec900000,0x00000000ec900000)
  from space 20992K, 51% used [0x00000000ec900000,0x00000000ed38ea60,0x00000000edd80000)
  to   space 19968K, 0% used [0x00000000f0f80000,0x00000000f0f80000,0x00000000f2300000)
 ParOldGen       total 129024K, used 41233K [0x00000000a0000000, 0x00000000a7e00000, 0x00000000e0000000)
  object space 129024K, 31% used [0x00000000a0000000,0x00000000a2844770,0x00000000a7e00000)
 Metaspace       used 84078K, capacity 87598K, committed 87704K, reserved 1126400K
  class space    used 10801K, capacity 11634K, committed 11688K, reserved 1048576K
Event: 2424.890 GC heap after
Heap after GC invocations=21 (full 3):
 PSYoungGen      total 267776K, used 11517K [0x00000000e0000000, 0x00000000f1d80000, 0x0000000100000000)
  eden space 253440K, 0% used [0x00000000e0000000,0x00000000e0000000,0x00000000ef780000)
  from space 14336K, 80% used [0x00000000f0f80000,0x00000000f1abf6c8,0x00000000f1d80000)
  to   space 19456K, 0% used [0x00000000ef780000,0x00000000ef780000,0x00000000f0a80000)
 ParOldGen       total 129024K, used 45495K [0x00000000a0000000, 0x00000000a7e00000, 0x00000000e0000000)
  object space 129024K, 35% used [0x00000000a0000000,0x00000000a2c6de90,0x00000000a7e00000)
 Metaspace       used 84078K, capacity 87598K, committed 87704K, reserved 1126400K
  class space    used 10801K, capacity 11634K, committed 11688K, reserved 1048576K
}
Event: 2425.999 GC heap before
{Heap before GC invocations=22 (full 3):
 PSYoungGen      total 267776K, used 264957K [0x00000000e0000000, 0x00000000f1d80000, 0x0000000100000000)
  eden space 253440K, 100% used [0x00000000e0000000,0x00000000ef780000,0x00000000ef780000)
  from space 14336K, 80% used [0x00000000f0f80000,0x00000000f1abf6c8,0x00000000f1d80000)
  to   space 19456K, 0% used [0x00000000ef780000,0x00000000ef780000,0x00000000f0a80000)
 ParOldGen       total 129024K, used 45495K [0x00000000a0000000, 0x00000000a7e00000, 0x00000000e0000000)
  object space 129024K, 35% used [0x00000000a0000000,0x00000000a2c6de90,0x00000000a7e00000)
 Metaspace       used 91707K, capacity 95964K, committed 96152K, reserved 1132544K
  class space    used 11767K, capacity 12709K, committed 12712K, reserved 1048576K
Event: 2426.026 GC heap after
Heap after GC invocations=22 (full 3):
 PSYoungGen      total 272896K, used 15046K [0x00000000e0000000, 0x00000000f5900000, 0x0000000100000000)
  eden space 253440K, 0% used [0x00000000e0000000,0x00000000e0000000,0x00000000ef780000)
  from space 19456K, 77% used [0x00000000ef780000,0x00000000f0631898,0x00000000f0a80000)
  to   space 19968K, 0% used [0x00000000f4580000,0x00000000f4580000,0x00000000f5900000)
 ParOldGen       total 129024K, used 48791K [0x00000000a0000000, 0x00000000a7e00000, 0x00000000e0000000)
  object space 129024K, 37% used [0x00000000a0000000,0x00000000a2fa5d78,0x00000000a7e00000)
 Metaspace       used 91707K, capacity 95964K, committed 96152K, reserved 1132544K
  class space    used 11767K, capacity 12709K, committed 12712K, reserved 1048576K
}
Event: 2426.402 GC heap before
{Heap before GC invocations=23 (full 3):
 PSYoungGen      total 272896K, used 268486K [0x00000000e0000000, 0x00000000f5900000, 0x0000000100000000)
  eden space 253440K, 100% used [0x00000000e0000000,0x00000000ef780000,0x00000000ef780000)
  from space 19456K, 77% used [0x00000000ef780000,0x00000000f0631898,0x00000000f0a80000)
  to   space 19968K, 0% used [0x00000000f4580000,0x00000000f4580000,0x00000000f5900000)
 ParOldGen       total 129024K, used 48791K [0x00000000a0000000, 0x00000000a7e00000, 0x00000000e0000000)
  object space 129024K, 37% used [0x00000000a0000000,0x00000000a2fa5d78,0x00000000a7e00000)
 Metaspace       used 92293K, capacity 96782K, committed 97048K, reserved 1134592K
  class space    used 11800K, capacity 12778K, committed 12840K, reserved 1048576K
Event: 2426.438 GC heap after
Heap after GC invocations=23 (full 3):
 PSYoungGen      total 333312K, used 7780K [0x00000000e0000000, 0x00000000f6700000, 0x0000000100000000)
  eden space 313344K, 0% used [0x00000000e0000000,0x00000000e0000000,0x00000000f3200000)
  from space 19968K, 38% used [0x00000000f4580000,0x00000000f4d19248,0x00000000f5900000)
  to   space 19968K, 0% used [0x00000000f3200000,0x00000000f3200000,0x00000000f4580000)
 ParOldGen       total 129024K, used 51468K [0x00000000a0000000, 0x00000000a7e00000, 0x00000000e0000000)
  object space 129024K, 39% used [0x00000000a0000000,0x00000000a3243328,0x00000000a7e00000)
 Metaspace       used 92293K, capacity 96782K, committed 97048K, reserved 1134592K
  class space    used 11800K, capacity 12778K, committed 12840K, reserved 1048576K
}
Event: 2426.781 GC heap before
{Heap before GC invocations=24 (full 3):
 PSYoungGen      total 333312K, used 321124K [0x00000000e0000000, 0x00000000f6700000, 0x0000000100000000)
  eden space 313344K, 100% used [0x00000000e0000000,0x00000000f3200000,0x00000000f3200000)
  from space 19968K, 38% used [0x00000000f4580000,0x00000000f4d19248,0x00000000f5900000)
  to   space 19968K, 0% used [0x00000000f3200000,0x00000000f3200000,0x00000000f4580000)
 ParOldGen       total 129024K, used 51468K [0x00000000a0000000, 0x00000000a7e00000, 0x00000000e0000000)
  object space 129024K, 39% used [0x00000000a0000000,0x00000000a3243328,0x00000000a7e00000)
 Metaspace       used 92478K, capacity 96934K, committed 97048K, reserved 1134592K
  class space    used 11800K, capacity 12778K, committed 12840K, reserved 1048576K
Event: 2426.788 GC heap after
Heap after GC invocations=24 (full 3):
 PSYoungGen      total 333312K, used 2840K [0x00000000e0000000, 0x00000000fb000000, 0x0000000100000000)
  eden space 313344K, 0% used [0x00000000e0000000,0x00000000e0000000,0x00000000f3200000)
  from space 19968K, 14% used [0x00000000f3200000,0x00000000f34c63a8,0x00000000f4580000)
  to   space 20480K, 0% used [0x00000000f9c00000,0x00000000f9c00000,0x00000000fb000000)
 ParOldGen       total 129024K, used 54570K [0x00000000a0000000, 0x00000000a7e00000, 0x00000000e0000000)
  object space 129024K, 42% used [0x00000000a0000000,0x00000000a354a960,0x00000000a7e00000)
 Metaspace       used 92478K, capacity 96934K, committed 97048K, reserved 1134592K
  class space    used 11800K, capacity 12778K, committed 12840K, reserved 1048576K
}

