# JRE version: OpenJDK Runtime Environment (8.0_152-b01) (build 1.8.0_152-release-1248-b01)
# Java VM: OpenJDK 64-Bit Server VM (25.152-b01 mixed mode windows-amd64 compressed oops)
Heap:
 PSYoungGen      total 168960K, used 68883K [0x00000000e0000000, 0x00000000ee180000, 0x0000000100000000)
  eden space 148480K, 37% used [0x00000000e0000000,0x00000000e360c548,0x00000000e9100000)
  from space 20480K, 66% used [0x00000000e9100000,0x00000000e9e386f8,0x00000000ea500000)
  to   space 20480K, 0% used [0x00000000ecd80000,0x00000000ecd80000,0x00000000ee180000)
 ParOldGen       total 133120K, used 28521K [0x00000000a0000000, 0x00000000a8200000, 0x00000000e0000000)
  object space 133120K, 21% used [0x00000000a0000000,0x00000000a1bda4d0,0x00000000a8200000)
 Metaspace       used 68536K, capacity 70924K, committed 70960K, reserved 1110016K
  class space    used 9234K, capacity 9751K, committed 9776K, reserved 1048576K
GC Heap History (10 events):
Event: 10.625 GC heap before
{Heap before GC invocations=14 (full 2):
 PSYoungGen      total 110080K, used 110064K [0x00000000e0000000, 0x00000000e9380000, 0x0000000100000000)
  eden space 96768K, 100% used [0x00000000e0000000,0x00000000e5e80000,0x00000000e5e80000)
  from space 13312K, 99% used [0x00000000e5e80000,0x00000000e6b7c220,0x00000000e6b80000)
  to   space 15872K, 0% used [0x00000000e8400000,0x00000000e8400000,0x00000000e9380000)
 ParOldGen       total 94208K, used 18439K [0x00000000a0000000, 0x00000000a5c00000, 0x00000000e0000000)
  object space 94208K, 19% used [0x00000000a0000000,0x00000000a1201f28,0x00000000a5c00000)
 Metaspace       used 57460K, capacity 58988K, committed 59056K, reserved 1099776K
  class space    used 7879K, capacity 8327K, committed 8368K, reserved 1048576K
Event: 10.637 GC heap after
Heap after GC invocations=14 (full 2):
 PSYoungGen      total 131072K, used 15865K [0x00000000e0000000, 0x00000000e9d80000, 0x0000000100000000)
  eden space 115200K, 0% used [0x00000000e0000000,0x00000000e0000000,0x00000000e7080000)
  from space 15872K, 99% used [0x00000000e8400000,0x00000000e937e6d0,0x00000000e9380000)
  to   space 19968K, 0% used [0x00000000e7080000,0x00000000e7080000,0x00000000e8400000)
 ParOldGen       total 94208K, used 23467K [0x00000000a0000000, 0x00000000a5c00000, 0x00000000e0000000)
  object space 94208K, 24% used [0x00000000a0000000,0x00000000a16eac88,0x00000000a5c00000)
 Metaspace       used 57460K, capacity 58988K, committed 59056K, reserved 1099776K
  class space    used 7879K, capacity 8327K, committed 8368K, reserved 1048576K
}
Event: 10.811 GC heap before
{Heap before GC invocations=15 (full 2):
 PSYoungGen      total 131072K, used 22446K [0x00000000e0000000, 0x00000000e9d80000, 0x0000000100000000)
  eden space 115200K, 5% used [0x00000000e0000000,0x00000000e066d460,0x00000000e7080000)
  from space 15872K, 99% used [0x00000000e8400000,0x00000000e937e6d0,0x00000000e9380000)
  to   space 19968K, 0% used [0x00000000e7080000,0x00000000e7080000,0x00000000e8400000)
 ParOldGen       total 94208K, used 23467K [0x00000000a0000000, 0x00000000a5c00000, 0x00000000e0000000)
  object space 94208K, 24% used [0x00000000a0000000,0x00000000a16eac88,0x00000000a5c00000)
 Metaspace       used 57635K, capacity 59116K, committed 59160K, reserved 1099776K
  class space    used 7897K, capacity 8327K, committed 8368K, reserved 1048576K
Event: 10.819 GC heap after
Heap after GC invocations=15 (full 2):
 PSYoungGen      total 135168K, used 5088K [0x00000000e0000000, 0x00000000ebe80000, 0x0000000100000000)
  eden space 115200K, 0% used [0x00000000e0000000,0x00000000e0000000,0x00000000e7080000)
  from space 19968K, 25% used [0x00000000e7080000,0x00000000e7578020,0x00000000e8400000)
  to   space 19456K, 0% used [0x00000000eab80000,0x00000000eab80000,0x00000000ebe80000)
 ParOldGen       total 94208K, used 33382K [0x00000000a0000000, 0x00000000a5c00000, 0x00000000e0000000)
  object space 94208K, 35% used [0x00000000a0000000,0x00000000a2099a88,0x00000000a5c00000)
 Metaspace       used 57635K, capacity 59116K, committed 59160K, reserved 1099776K
  class space    used 7897K, capacity 8327K, committed 8368K, reserved 1048576K
}
Event: 10.819 GC heap before
{Heap before GC invocations=16 (full 3):
 PSYoungGen      total 135168K, used 5088K [0x00000000e0000000, 0x00000000ebe80000, 0x0000000100000000)
  eden space 115200K, 0% used [0x00000000e0000000,0x00000000e0000000,0x00000000e7080000)
  from space 19968K, 25% used [0x00000000e7080000,0x00000000e7578020,0x00000000e8400000)
  to   space 19456K, 0% used [0x00000000eab80000,0x00000000eab80000,0x00000000ebe80000)
 ParOldGen       total 94208K, used 33382K [0x00000000a0000000, 0x00000000a5c00000, 0x00000000e0000000)
  object space 94208K, 35% used [0x00000000a0000000,0x00000000a2099a88,0x00000000a5c00000)
 Metaspace       used 57635K, capacity 59116K, committed 59160K, reserved 1099776K
  class space    used 7897K, capacity 8327K, committed 8368K, reserved 1048576K
Event: 10.963 GC heap after
Heap after GC invocations=16 (full 3):
 PSYoungGen      total 135168K, used 0K [0x00000000e0000000, 0x00000000ebe80000, 0x0000000100000000)
  eden space 115200K, 0% used [0x00000000e0000000,0x00000000e0000000,0x00000000e7080000)
  from space 19968K, 0% used [0x00000000e7080000,0x00000000e7080000,0x00000000e8400000)
  to   space 19456K, 0% used [0x00000000eab80000,0x00000000eab80000,0x00000000ebe80000)
 ParOldGen       total 133120K, used 28505K [0x00000000a0000000, 0x00000000a8200000, 0x00000000e0000000)
  object space 133120K, 21% used [0x00000000a0000000,0x00000000a1bd64d0,0x00000000a8200000)
 Metaspace       used 57635K, capacity 59116K, committed 59160K, reserved 1099776K
  class space    used 7897K, capacity 8327K, committed 8368K, reserved 1048576K
}
Event: 13.609 GC heap before
{Heap before GC invocations=17 (full 3):
 PSYoungGen      total 135168K, used 115200K [0x00000000e0000000, 0x00000000ebe80000, 0x0000000100000000)
  eden space 115200K, 100% used [0x00000000e0000000,0x00000000e7080000,0x00000000e7080000)
  from space 19968K, 0% used [0x00000000e7080000,0x00000000e7080000,0x00000000e8400000)
  to   space 19456K, 0% used [0x00000000eab80000,0x00000000eab80000,0x00000000ebe80000)
 ParOldGen       total 133120K, used 28505K [0x00000000a0000000, 0x00000000a8200000, 0x00000000e0000000)
  object space 133120K, 21% used [0x00000000a0000000,0x00000000a1bd64d0,0x00000000a8200000)
 Metaspace       used 62878K, capacity 64628K, committed 64816K, reserved 1105920K
  class space    used 8505K, capacity 8933K, committed 9008K, reserved 1048576K
Event: 13.618 GC heap after
Heap after GC invocations=17 (full 3):
 PSYoungGen      total 160256K, used 13738K [0x00000000e0000000, 0x00000000eb900000, 0x0000000100000000)
  eden space 146432K, 0% used [0x00000000e0000000,0x00000000e0000000,0x00000000e8f00000)
  from space 13824K, 99% used [0x00000000eab80000,0x00000000eb8eaab8,0x00000000eb900000)
  to   space 20480K, 0% used [0x00000000e9100000,0x00000000e9100000,0x00000000ea500000)
 ParOldGen       total 133120K, used 28513K [0x00000000a0000000, 0x00000000a8200000, 0x00000000e0000000)
  object space 133120K, 21% used [0x00000000a0000000,0x00000000a1bd84d0,0x00000000a8200000)
 Metaspace       used 62878K, capacity 64628K, committed 64816K, reserved 1105920K
  class space    used 8505K, capacity 8933K, committed 9008K, reserved 1048576K
}
Event: 14.087 GC heap before
{Heap before GC invocations=18 (full 3):
 PSYoungGen      total 160256K, used 160170K [0x00000000e0000000, 0x00000000eb900000, 0x0000000100000000)
  eden space 146432K, 100% used [0x00000000e0000000,0x00000000e8f00000,0x00000000e8f00000)
  from space 13824K, 99% used [0x00000000eab80000,0x00000000eb8eaab8,0x00000000eb900000)
  to   space 20480K, 0% used [0x00000000e9100000,0x00000000e9100000,0x00000000ea500000)
 ParOldGen       total 133120K, used 28513K [0x00000000a0000000, 0x00000000a8200000, 0x00000000e0000000)
  object space 133120K, 21% used [0x00000000a0000000,0x00000000a1bd84d0,0x00000000a8200000)
 Metaspace       used 67638K, capacity 69772K, committed 70064K, reserved 1110016K
  class space    used 9127K, capacity 9621K, committed 9648K, reserved 1048576K
Event: 14.099 GC heap after
Heap after GC invocations=18 (full 3):
 PSYoungGen      total 168960K, used 13537K [0x00000000e0000000, 0x00000000ee180000, 0x0000000100000000)
  eden space 148480K, 0% used [0x00000000e0000000,0x00000000e0000000,0x00000000e9100000)
  from space 20480K, 66% used [0x00000000e9100000,0x00000000e9e386f8,0x00000000ea500000)
  to   space 20480K, 0% used [0x00000000ecd80000,0x00000000ecd80000,0x00000000ee180000)
 ParOldGen       total 133120K, used 28521K [0x00000000a0000000, 0x00000000a8200000, 0x00000000e0000000)
  object space 133120K, 21% used [0x00000000a0000000,0x00000000a1bda4d0,0x00000000a8200000)
 Metaspace       used 67638K, capacity 69772K, committed 70064K, reserved 1110016K
  class space    used 9127K, capacity 9621K, committed 9648K, reserved 1048576K
}

